<?xml version="1.0" encoding="UTF-8"?>
<testsuite xmlns:xsi="http://www.w3.org/2001/XMLSchema-instance" xsi:noNamespaceSchemaLocation="https://maven.apache.org/surefire/maven-surefire-plugin/xsd/surefire-test-report.xsd" version="3.0.2" name="com.shopu.ShopUApiApplicationTests" time="7.185" tests="1" errors="0" skipped="0" failures="0">
  <properties>
[...]
</properties>
  <testcase name="contextLoads" classname="com.shopu.ShopUApiApplicationTests" time="0.39">
    <system-out><![CDATA[17:07:12.046 [main] INFO org.springframework.test.context.support.AnnotationConfigContextLoaderUtils -- Could not detect default configuration classes for test class [com.shopu.ShopUApiApplicationTests]: ShopUApiApplicationTests does not declare any static, non-private, non-final, nested classes annotated with @Configuration.
17:07:12.103 [main] INFO org.springframework.boot.test.context.SpringBootTestContextBootstrapper -- Found @SpringBootConfiguration com.shopu.ShopUApiApplication for test class com.shopu.ShopUApiApplicationTests
17:07:12.186 [main] INFO org.springframework.boot.devtools.restart.RestartApplicationListener -- Restart disabled due to context in which it is running

  .   ____          _            __ _ _
 /\\ / ___'_ __ _ _(_)_ __  __ _ \ \ \ \
( ( )\___ | '_ | '_| | '_ \/ _` | \ \ \ \
 \\/  ___)| |_)| | | | | || (_| |  ) ) ) )
  '  |____| .__|_| |_|_| |_\__, | / / / /
 =========|_|==============|___/=/_/_/_/

 :: Spring Boot ::                (v3.5.0)

2025-06-09T17:07:12.326+05:30  INFO 7357 --- [ShopU API] [           main] com.shopu.ShopUApiApplicationTests       : Starting ShopUApiApplicationTests using Java 21.0.5 with PID 7357 (started by ayushkumar in /Users/ayushkumar/Desktop/shopu/shopu-api)
2025-06-09T17:07:12.327+05:30  INFO 7357 --- [ShopU API] [           main] com.shopu.ShopUApiApplicationTests       : No active profile set, falling back to 1 default profile: "default"
2025-06-09T17:07:12.745+05:30  INFO 7357 --- [ShopU API] [           main] .s.d.r.c.RepositoryConfigurationDelegate : Multiple Spring Data modules found, entering strict repository configuration mode
2025-06-09T17:07:12.746+05:30  INFO 7357 --- [ShopU API] [           main] .s.d.r.c.RepositoryConfigurationDelegate : Bootstrapping Spring Data MongoDB repositories in DEFAULT mode.
2025-06-09T17:07:12.817+05:30  INFO 7357 --- [ShopU API] [           main] .s.d.r.c.RepositoryConfigurationDelegate : Finished Spring Data repository scanning in 67 ms. Found 1 MongoDB repository interface.
2025-06-09T17:07:12.827+05:30  INFO 7357 --- [ShopU API] [           main] .s.d.r.c.RepositoryConfigurationDelegate : Multiple Spring Data modules found, entering strict repository configuration mode
2025-06-09T17:07:12.827+05:30  INFO 7357 --- [ShopU API] [           main] .s.d.r.c.RepositoryConfigurationDelegate : Bootstrapping Spring Data Redis repositories in DEFAULT mode.
2025-06-09T17:07:12.835+05:30  INFO 7357 --- [ShopU API] [           main] .RepositoryConfigurationExtensionSupport : Spring Data Redis - Could not safely identify store assignment for repository candidate interface com.shopu.repository.UserRepository; If you want this repository to be a Redis repository, consider annotating your entities with one of these annotations: org.springframework.data.redis.core.RedisHash (preferred), or consider extending one of the following types with your repository: org.springframework.data.keyvalue.repository.KeyValueRepository
2025-06-09T17:07:12.835+05:30  INFO 7357 --- [ShopU API] [           main] .s.d.r.c.RepositoryConfigurationDelegate : Finished Spring Data repository scanning in 3 ms. Found 0 Redis repository interfaces.
2025-06-09T17:07:17.769+05:30  INFO 7357 --- [ShopU API] [           main] org.mongodb.driver.client                : MongoClient with metadata {"application": {"name": "flowTalkCluster"}, "driver": {"name": "mongo-java-driver|sync|spring-boot", "version": "5.4.0"}, "os": {"type": "Darwin", "name": "Mac OS X", "architecture": "aarch64", "version": "15.5"}, "platform": "Java/Oracle Corporation/21.0.5+9-LTS-239"} created with settings MongoClientSettings{readPreference=primary, writeConcern=WriteConcern{w=majority, wTimeout=null ms, journal=null}, retryWrites=true, retryReads=true, readConcern=ReadConcern{level=null}, credential=MongoCredential{mechanism=null, userName='ayush_admin01', source='admin', password=<hidden>, mechanismProperties=<hidden>}, transportSettings=null, commandListeners=[], codecRegistry=ProvidersCodecRegistry{codecProviders=[ValueCodecProvider{}, BsonValueCodecProvider{}, DBRefCodecProvider{}, DBObjectCodecProvider{}, DocumentCodecProvider{}, CollectionCodecProvider{}, IterableCodecProvider{}, MapCodecProvider{}, GeoJsonCodecProvider{}, GridFSFileCodecProvider{}, Jsr310CodecProvider{}, JsonObjectCodecProvider{}, BsonCodecProvider{}, EnumCodecProvider{}, com.mongodb.client.model.mql.ExpressionCodecProvider@3db6dd52, com.mongodb.Jep395RecordCodecProvider@1e92c3b6, com.mongodb.KotlinCodecProvider@6ef4cbe1]}, loggerSettings=LoggerSettings{maxDocumentLength=1000}, clusterSettings={hosts=[127.0.0.1:27017], srvHost=flowtalkcluster.dzg7c.mongodb.net, srvServiceName=mongodb, mode=MULTIPLE, requiredClusterType=REPLICA_SET, requiredReplicaSetName='atlas-rpyq4m-shard-0', serverSelector='null', clusterListeners='[]', serverSelectionTimeout='30000 ms', localThreshold='15 ms'}, socketSettings=SocketSettings{connectTimeoutMS=10000, readTimeoutMS=0, receiveBufferSize=0, proxySettings=ProxySettings{host=null, port=null, username=null, password=null}}, heartbeatSocketSettings=SocketSettings{connectTimeoutMS=10000, readTimeoutMS=10000, receiveBufferSize=0, proxySettings=ProxySettings{host=null, port=null, username=null, password=null}}, connectionPoolSettings=ConnectionPoolSettings{maxSize=100, minSize=0, maxWaitTimeMS=120000, maxConnectionLifeTimeMS=0, maxConnectionIdleTimeMS=0, maintenanceInitialDelayMS=0, maintenanceFrequencyMS=60000, connectionPoolListeners=[], maxConnecting=2}, serverSettings=ServerSettings{heartbeatFrequencyMS=10000, minHeartbeatFrequencyMS=500, serverMonitoringMode=AUTO, serverListeners='[]', serverMonitorListeners='[]'}, sslSettings=SslSettings{enabled=true, invalidHostNameAllowed=false, context=null}, applicationName='flowTalkCluster', compressorList=[], uuidRepresentation=JAVA_LEGACY, serverApi=null, autoEncryptionSettings=null, dnsClient=null, inetAddressResolver=null, contextProvider=null, timeoutMS=null}
2025-06-09T17:07:17.831+05:30  INFO 7357 --- [ShopU API] [g7c.mongodb.net] org.mongodb.driver.cluster               : Adding discovered server flowtalkcluster-shard-00-02.dzg7c.mongodb.net:27017 to client view of cluster
2025-06-09T17:07:17.842+05:30  INFO 7357 --- [ShopU API] [g7c.mongodb.net] org.mongodb.driver.cluster               : Adding discovered server flowtalkcluster-shard-00-01.dzg7c.mongodb.net:27017 to client view of cluster
2025-06-09T17:07:17.843+05:30  INFO 7357 --- [ShopU API] [g7c.mongodb.net] org.mongodb.driver.cluster               : Adding discovered server flowtalkcluster-shard-00-00.dzg7c.mongodb.net:27017 to client view of cluster
2025-06-09T17:07:17.890+05:30  WARN 7357 --- [ShopU API] [           main] o.s.data.convert.CustomConversions       : Registering converter from interface java.util.List to interface org.springframework.data.domain.Vector as reading converter although it doesn't convert from a store-supported type; You might want to check your annotation setup at the converter implementation
2025-06-09T17:07:17.937+05:30  WARN 7357 --- [ShopU API] [           main] o.s.data.convert.CustomConversions       : Registering converter from interface java.util.List to interface org.springframework.data.domain.Vector as reading converter although it doesn't convert from a store-supported type; You might want to check your annotation setup at the converter implementation
2025-06-09T17:07:18.294+05:30  INFO 7357 --- [ShopU API] [           main] r$InitializeUserDetailsManagerConfigurer : Global AuthenticationManager configured with UserDetailsService bean with name userDetailsService
2025-06-09T17:07:18.321+05:30  INFO 7357 --- [ShopU API] [ngodb.net:27017] org.mongodb.driver.cluster               : Monitor thread successfully connected to server with description ServerDescription{address=flowtalkcluster-shard-00-02.dzg7c.mongodb.net:27017, type=REPLICA_SET_PRIMARY, cryptd=false, state=CONNECTED, ok=true, minWireVersion=0, maxWireVersion=25, maxDocumentSize=16777216, logicalSessionTimeoutMinutes=30, roundTripTimeNanos=276231208, minRoundTripTimeNanos=0, setName='atlas-rpyq4m-shard-0', canonicalAddress=flowtalkcluster-shard-00-02.dzg7c.mongodb.net:27017, hosts=[flowtalkcluster-shard-00-01.dzg7c.mongodb.net:27017, flowtalkcluster-shard-00-00.dzg7c.mongodb.net:27017, flowtalkcluster-shard-00-02.dzg7c.mongodb.net:27017], passives=[], arbiters=[], primary='flowtalkcluster-shard-00-02.dzg7c.mongodb.net:27017', tagSet=TagSet{[Tag{name='availabilityZone', value='aps1-az2'}, Tag{name='diskState', value='READY'}, Tag{name='nodeType', value='ELECTABLE'}, Tag{name='provider', value='AWS'}, Tag{name='region', value='AP_SOUTH_1'}, Tag{name='workloadType', value='OPERATIONAL'}]}, electionId=7fffffff00000000000000ab, setVersion=7, topologyVersion=TopologyVersion{processId=68457d999db6baab307450c3, counter=6}, lastWriteDate=Mon Jun 09 17:07:18 IST 2025, lastUpdateTimeNanos=18775717937750}
2025-06-09T17:07:18.323+05:30  INFO 7357 --- [ShopU API] [ngodb.net:27017] org.mongodb.driver.cluster               : Discovered replica set primary flowtalkcluster-shard-00-02.dzg7c.mongodb.net:27017 with max election id 7fffffff00000000000000ab and max set version 7
2025-06-09T17:07:18.324+05:30  INFO 7357 --- [ShopU API] [ngodb.net:27017] org.mongodb.driver.cluster               : Monitor thread successfully connected to server with description ServerDescription{address=flowtalkcluster-shard-00-00.dzg7c.mongodb.net:27017, type=REPLICA_SET_SECONDARY, cryptd=false, state=CONNECTED, ok=true, minWireVersion=0, maxWireVersion=25, maxDocumentSize=16777216, logicalSessionTimeoutMinutes=30, roundTripTimeNanos=279914291, minRoundTripTimeNanos=0, setName='atlas-rpyq4m-shard-0', canonicalAddress=flowtalkcluster-shard-00-00.dzg7c.mongodb.net:27017, hosts=[flowtalkcluster-shard-00-01.dzg7c.mongodb.net:27017, flowtalkcluster-shard-00-00.dzg7c.mongodb.net:27017, flowtalkcluster-shard-00-02.dzg7c.mongodb.net:27017], passives=[], arbiters=[], primary='flowtalkcluster-shard-00-02.dzg7c.mongodb.net:27017', tagSet=TagSet{[Tag{name='availabilityZone', value='aps1-az1'}, Tag{name='diskState', value='READY'}, Tag{name='nodeType', value='ELECTABLE'}, Tag{name='provider', value='AWS'}, Tag{name='region', value='AP_SOUTH_1'}, Tag{name='workloadType', value='OPERATIONAL'}]}, electionId=null, setVersion=7, topologyVersion=TopologyVersion{processId=68457e9f34ebec146a7afc07, counter=4}, lastWriteDate=Mon Jun 09 17:07:18 IST 2025, lastUpdateTimeNanos=18775721645166}
2025-06-09T17:07:18.324+05:30  INFO 7357 --- [ShopU API] [ngodb.net:27017] org.mongodb.driver.cluster               : Monitor thread successfully connected to server with description ServerDescription{address=flowtalkcluster-shard-00-01.dzg7c.mongodb.net:27017, type=REPLICA_SET_SECONDARY, cryptd=false, state=CONNECTED, ok=true, minWireVersion=0, maxWireVersion=25, maxDocumentSize=16777216, logicalSessionTimeoutMinutes=30, roundTripTimeNanos=280464833, minRoundTripTimeNanos=0, setName='atlas-rpyq4m-shard-0', canonicalAddress=flowtalkcluster-shard-00-01.dzg7c.mongodb.net:27017, hosts=[flowtalkcluster-shard-00-01.dzg7c.mongodb.net:27017, flowtalkcluster-shard-00-00.dzg7c.mongodb.net:27017, flowtalkcluster-shard-00-02.dzg7c.mongodb.net:27017], passives=[], arbiters=[], primary='flowtalkcluster-shard-00-02.dzg7c.mongodb.net:27017', tagSet=TagSet{[Tag{name='availabilityZone', value='aps1-az3'}, Tag{name='diskState', value='READY'}, Tag{name='nodeType', value='ELECTABLE'}, Tag{name='provider', value='AWS'}, Tag{name='region', value='AP_SOUTH_1'}, Tag{name='workloadType', value='OPERATIONAL'}]}, electionId=null, setVersion=7, topologyVersion=TopologyVersion{processId=68457fee14b412198071ce65, counter=3}, lastWriteDate=Mon Jun 09 17:07:18 IST 2025, lastUpdateTimeNanos=18775722168166}
2025-06-09T17:07:18.338+05:30 DEBUG 7357 --- [ShopU API] [           main] o.s.s.web.DefaultSecurityFilterChain     : Will secure any request with filters: DisableEncodeUrlFilter, WebAsyncManagerIntegrationFilter, SecurityContextHolderFilter, HeaderWriterFilter, LogoutFilter, JwtAuthenticationFilter, RequestCacheAwareFilter, SecurityContextHolderAwareRequestFilter, AnonymousAuthenticationFilter, SessionManagementFilter, ExceptionTranslationFilter, AuthorizationFilter
2025-06-09T17:07:18.751+05:30  INFO 7357 --- [ShopU API] [           main] com.shopu.ShopUApiApplicationTests       : Started ShopUApiApplicationTests in 6.572 seconds (process running for 7.032)
]]></system-out>
    <system-err><![CDATA[Mockito is currently self-attaching to enable the inline-mock-maker. This will no longer work in future releases of the JDK. Please add Mockito as an agent to your build as described in Mockito's documentation: https://javadoc.io/doc/org.mockito/mockito-core/latest/org.mockito/org/mockito/Mockito.html#0.3
WARNING: A Java agent has been loaded dynamically (/Users/ayushkumar/.m2/repository/net/bytebuddy/byte-buddy-agent/1.17.5/byte-buddy-agent-1.17.5.jar)
WARNING: If a serviceability tool is in use, please run with -XX:+EnableDynamicAgentLoading to hide this warning
WARNING: If a serviceability tool is not in use, please run with -Djdk.instrument.traceUsage for more information
WARNING: Dynamic loading of agents will be disallowed by default in a future release
]]></system-err>
  </testcase>
</testsuite>